Build started 1/2/2014 12:05:48 PM.
     1>Project "D:\Code\Dependencies\RakNet_PC-4.051\Lib\DLL\DLL_vc9.vcxproj" on node 2 (Build target(s)).
     1>InitializeBuildStatus:
         Creating "Release\DLL.unsuccessfulbuild" because "AlwaysCreate" was specified.
       ClCompile:
         C:\Program Files (x86)\Microsoft Visual Studio 11.0\VC\bin\CL.exe /c /I./../../Source /I"./../../DependentExtensions/openssl-1.0.0d/include" /I./../../DependentExtensions /Zi /nologo /W3 /WX- /O2 /Oy- /D _CRT_SECURE_NO_DEPRECATE /D WIN32 /D _RELEASE /D _RAKNET_DLL /D _CRT_NONSTDC_NO_DEPRECATE /D _VC80_UPGRADE=0x0710 /D _WINDLL /D _MBCS /Gm- /MD /GS- /fp:precise /Zc:wchar_t /Zc:forScope /GR- /Fo"Release\\" /Fd"Release\../../RakNet" /Gd /TP /analyze- /errorReport:prompt ..\..\Source\_FindFirst.cpp ..\..\Source\BitStream.cpp ..\..\Source\CCRakNetSlidingWindow.cpp ..\..\Source\CCRakNetUDT.cpp ..\..\Source\CheckSum.cpp ..\..\Source\CloudClient.cpp ..\..\Source\CloudCommon.cpp ..\..\Source\CloudServer.cpp ..\..\Source\CommandParserInterface.cpp ..\..\Source\ConnectionGraph2.cpp ..\..\Source\ConsoleServer.cpp ..\..\Source\DataCompressor.cpp ..\..\Source\DirectoryDeltaTransfer.cpp ..\..\Source\DS_BytePool.cpp ..\..\Source\DS_ByteQueue.cpp ..\..\Source\DS_HuffmanEncodingTree.cpp ..\..\Source\DS_Table.cpp ..\..\Source\DynDNS.cpp ..\..\Source\EmailSender.cpp ..\..\Source\EncodeClassName.cpp ..\..\Source\EpochTimeToString.cpp ..\..\Source\FileList.cpp ..\..\Source\FileListTransfer.cpp ..\..\Source\FileOperations.cpp ..\..\Source\FormatString.cpp ..\..\Source\FullyConnectedMesh2.cpp ..\..\Source\Getche.cpp ..\..\Source\Gets.cpp ..\..\Source\GetTime.cpp ..\..\Source\gettimeofday.cpp ..\..\Source\GridSectorizer.cpp ..\..\Source\HTTPConnection.cpp ..\..\Source\IncrementalReadInterface.cpp ..\..\Source\Itoa.cpp ..\..\Source\LinuxStrings.cpp ..\..\Source\LocklessTypes.cpp ..\..\Source\LogCommandParser.cpp ..\..\Source\MessageFilter.cpp ..\..\Source\NatPunchthroughClient.cpp ..\..\Source\NatPunchthroughServer.cpp ..\..\Source\NatTypeDetectionClient.cpp ..\..\Source\NatTypeDetectionCommon.cpp ..\..\Source\NatTypeDetectionServer.cpp ..\..\Source\NetworkIDManager.cpp ..\..\Source\NetworkIDObject.cpp ..\..\Source\PacketConsoleLogger.cpp ..\..\Source\PacketFileLogger.cpp ..\..\Source\PacketizedTCP.cpp ..\..\Source\PacketLogger.cpp ..\..\Source\PacketOutputWindowLogger.cpp ..\..\Source\PluginInterface2.cpp ..\..\Source\Rackspace.cpp ..\..\Source\RakMemoryOverride.cpp ..\..\Source\RakNetCommandParser.cpp ..\..\Source\RakNetSocket.cpp ..\..\Source\RakNetStatistics.cpp ..\..\Source\RakNetTransport2.cpp ..\..\Source\RakNetTypes.cpp ..\..\Source\RakPeer.cpp ..\..\Source\RakSleep.cpp ..\..\Source\RakString.cpp ..\..\Source\RakThread.cpp ..\..\Source\RakWString.cpp ..\..\Source\Rand.cpp ..\..\Source\rdlmalloc.cpp ..\..\Source\ReadyEvent.cpp ..\..\Source\ReliabilityLayer.cpp ..\..\Source\ReplicaManager3.cpp ..\..\Source\Router2.cpp ..\..\Source\RPC4Plugin.cpp ..\..\Source\SecureHandshake.cpp ..\..\Source\SendToThread.cpp ..\..\Source\SHA1.cpp ..\..\Source\SignaledEvent.cpp ..\..\Source\SimpleMutex.cpp ..\..\Source\SocketLayer.cpp ..\..\Source\StatisticsHistory.cpp ..\..\Source\StringCompressor.cpp ..\..\Source\StringTable.cpp ..\..\Source\SuperFastHash.cpp ..\..\Source\TableSerializer.cpp ..\..\Source\TCPInterface.cpp ..\..\Source\TeamBalancer.cpp ..\..\Source\TeamManager.cpp ..\..\Source\TelnetTransport.cpp ..\..\Source\ThreadsafePacketLogger.cpp ..\..\Source\TwoWayAuthentication.cpp ..\..\Source\UDPForwarder.cpp ..\..\Source\UDPProxyClient.cpp ..\..\Source\UDPProxyCoordinator.cpp ..\..\Source\UDPProxyServer.cpp ..\..\Source\VariableDeltaSerializer.cpp ..\..\Source\VariableListDeltaTracker.cpp ..\..\Source\VariadicSQLParser.cpp ..\..\Source\WSAStartupSingleton.cpp
         _FindFirst.cpp
         BitStream.cpp
         CCRakNetSlidingWindow.cpp
         CCRakNetUDT.cpp
         CheckSum.cpp
         CloudClient.cpp
         CloudCommon.cpp
         CloudServer.cpp
         CommandParserInterface.cpp
         ConnectionGraph2.cpp
         ConsoleServer.cpp
         DataCompressor.cpp
         DirectoryDeltaTransfer.cpp
         DS_BytePool.cpp
         DS_ByteQueue.cpp
         DS_HuffmanEncodingTree.cpp
         DS_Table.cpp
         DynDNS.cpp
         EmailSender.cpp
         EncodeClassName.cpp
         Generating Code...
         Compiling...
         EpochTimeToString.cpp
         FileList.cpp
         FileListTransfer.cpp
         FileOperations.cpp
         FormatString.cpp
         FullyConnectedMesh2.cpp
         Getche.cpp
         Gets.cpp
         GetTime.cpp
         gettimeofday.cpp
         GridSectorizer.cpp
         HTTPConnection.cpp
         IncrementalReadInterface.cpp
         Itoa.cpp
         LinuxStrings.cpp
         LocklessTypes.cpp
         LogCommandParser.cpp
         MessageFilter.cpp
         NatPunchthroughClient.cpp
         NatPunchthroughServer.cpp
         Generating Code...
         Compiling...
         NatTypeDetectionClient.cpp
         NatTypeDetectionCommon.cpp
         NatTypeDetectionServer.cpp
         NetworkIDManager.cpp
         NetworkIDObject.cpp
         PacketConsoleLogger.cpp
         PacketFileLogger.cpp
         PacketizedTCP.cpp
         PacketLogger.cpp
         PacketOutputWindowLogger.cpp
         PluginInterface2.cpp
         Rackspace.cpp
         RakMemoryOverride.cpp
         RakNetCommandParser.cpp
         RakNetSocket.cpp
         RakNetStatistics.cpp
         RakNetTransport2.cpp
         RakNetTypes.cpp
         RakPeer.cpp
         RakSleep.cpp
         Generating Code...
         Compiling...
         RakString.cpp
         RakThread.cpp
         RakWString.cpp
         Rand.cpp
         rdlmalloc.cpp
         ReadyEvent.cpp
         ReliabilityLayer.cpp
         ReplicaManager3.cpp
         Router2.cpp
         RPC4Plugin.cpp
         SecureHandshake.cpp
         SendToThread.cpp
         SHA1.cpp
         SignaledEvent.cpp
         SimpleMutex.cpp
         SocketLayer.cpp
         StatisticsHistory.cpp
         StringCompressor.cpp
         StringTable.cpp
         SuperFastHash.cpp
         Generating Code...
         Compiling...
         TableSerializer.cpp
         TCPInterface.cpp
         TeamBalancer.cpp
         TeamManager.cpp
         TelnetTransport.cpp
         ThreadsafePacketLogger.cpp
         TwoWayAuthentication.cpp
         UDPForwarder.cpp
         UDPProxyClient.cpp
         UDPProxyCoordinator.cpp
         UDPProxyServer.cpp
         VariableDeltaSerializer.cpp
         VariableListDeltaTracker.cpp
         VariadicSQLParser.cpp
         WSAStartupSingleton.cpp
         Generating Code...
     1>C:\Program Files (x86)\MSBuild\Microsoft.Cpp\v4.0\V110\Microsoft.CppBuild.targets(1137,5): warning MSB8012: TargetPath(D:\Code\Dependencies\RakNet_PC-4.051\Lib\DLL\Release\DLL.dll) does not match the Linker's OutputFile property value (D:\Code\Dependencies\RakNet_PC-4.051\Lib\RakNet.dll). This may cause your project to build incorrectly. To correct this, please make sure that $(OutDir), $(TargetName) and $(TargetExt) property values match the value specified in %(Link.OutputFile).
     1>C:\Program Files (x86)\MSBuild\Microsoft.Cpp\v4.0\V110\Microsoft.CppBuild.targets(1139,5): warning MSB8012: TargetName(DLL) does not match the Linker's OutputFile property value (RakNet). This may cause your project to build incorrectly. To correct this, please make sure that $(OutDir), $(TargetName) and $(TargetExt) property values match the value specified in %(Link.OutputFile).
       Link:
         C:\Program Files (x86)\Microsoft Visual Studio 11.0\VC\bin\link.exe /ERRORREPORT:PROMPT /OUT:"Release\../../RakNet.dll" /INCREMENTAL:NO /NOLOGO ws2_32.lib kernel32.lib user32.lib gdi32.lib winspool.lib comdlg32.lib advapi32.lib shell32.lib ole32.lib oleaut32.lib uuid.lib odbc32.lib odbccp32.lib /MANIFEST /MANIFESTUAC:"level='asInvoker' uiAccess='false'" /manifest:embed /PDB:"Release\../../RakNet.pdb" /SUBSYSTEM:WINDOWS /OPT:REF /OPT:ICF /TLBID:1 /DYNAMICBASE:NO /IMPLIB:"Release\../../RakNetDLL.lib" /MACHINE:X86 /SAFESEH /DLL Release\_FindFirst.obj
         Release\BitStream.obj
         Release\CCRakNetSlidingWindow.obj
         Release\CCRakNetUDT.obj
         Release\CheckSum.obj
         Release\CloudClient.obj
         Release\CloudCommon.obj
         Release\CloudServer.obj
         Release\CommandParserInterface.obj
         Release\ConnectionGraph2.obj
         Release\ConsoleServer.obj
         Release\DataCompressor.obj
         Release\DirectoryDeltaTransfer.obj
         Release\DS_BytePool.obj
         Release\DS_ByteQueue.obj
         Release\DS_HuffmanEncodingTree.obj
         Release\DS_Table.obj
         Release\DynDNS.obj
         Release\EmailSender.obj
         Release\EncodeClassName.obj
         Release\EpochTimeToString.obj
         Release\FileList.obj
         Release\FileListTransfer.obj
         Release\FileOperations.obj
         Release\FormatString.obj
         Release\FullyConnectedMesh2.obj
         Release\Getche.obj
         Release\Gets.obj
         Release\GetTime.obj
         Release\gettimeofday.obj
         Release\GridSectorizer.obj
         Release\HTTPConnection.obj
         Release\IncrementalReadInterface.obj
         Release\Itoa.obj
         Release\LinuxStrings.obj
         Release\LocklessTypes.obj
         Release\LogCommandParser.obj
         Release\MessageFilter.obj
         Release\NatPunchthroughClient.obj
         Release\NatPunchthroughServer.obj
         Release\NatTypeDetectionClient.obj
         Release\NatTypeDetectionCommon.obj
         Release\NatTypeDetectionServer.obj
         Release\NetworkIDManager.obj
         Release\NetworkIDObject.obj
         Release\PacketConsoleLogger.obj
         Release\PacketFileLogger.obj
         Release\PacketizedTCP.obj
         Release\PacketLogger.obj
         Release\PacketOutputWindowLogger.obj
         Release\PluginInterface2.obj
         Release\Rackspace.obj
         Release\RakMemoryOverride.obj
         Release\RakNetCommandParser.obj
         Release\RakNetSocket.obj
         Release\RakNetStatistics.obj
         Release\RakNetTransport2.obj
         Release\RakNetTypes.obj
         Release\RakPeer.obj
         Release\RakSleep.obj
         Release\RakString.obj
         Release\RakThread.obj
         Release\RakWString.obj
         Release\Rand.obj
         Release\rdlmalloc.obj
         Release\ReadyEvent.obj
         Release\ReliabilityLayer.obj
         Release\ReplicaManager3.obj
         Release\Router2.obj
         Release\RPC4Plugin.obj
         Release\SecureHandshake.obj
         Release\SendToThread.obj
         Release\SHA1.obj
         Release\SignaledEvent.obj
         Release\SimpleMutex.obj
         Release\SocketLayer.obj
         Release\StatisticsHistory.obj
         Release\StringCompressor.obj
         Release\StringTable.obj
         Release\SuperFastHash.obj
         Release\TableSerializer.obj
         Release\TCPInterface.obj
         Release\TeamBalancer.obj
         Release\TeamManager.obj
         Release\TelnetTransport.obj
         Release\ThreadsafePacketLogger.obj
         Release\TwoWayAuthentication.obj
         Release\UDPForwarder.obj
         Release\UDPProxyClient.obj
         Release\UDPProxyCoordinator.obj
         Release\UDPProxyServer.obj
         Release\VariableDeltaSerializer.obj
         Release\VariableListDeltaTracker.obj
         Release\VariadicSQLParser.obj
         Release\WSAStartupSingleton.obj
            Creating library Release\../../RakNetDLL.lib and object Release\../../RakNetDLL.exp
         DLL_vc9.vcxproj -> D:\Code\Dependencies\RakNet_PC-4.051\Lib\DLL\Release\DLL.dll
       FinalizeBuildStatus:
         Deleting file "Release\DLL.unsuccessfulbuild".
         Touching "Release\DLL.lastbuildstate".
     1>Done Building Project "D:\Code\Dependencies\RakNet_PC-4.051\Lib\DLL\DLL_vc9.vcxproj" (Build target(s)).

Build succeeded.

Time Elapsed 00:00:52.77
